<?xml version="1.0" encoding="utf-8"?><testsuites name="pytest tests"><testsuite name="pytest" errors="0" failures="0" skipped="0" tests="15" time="3.487" timestamp="2026-03-10T16:28:42.687718+00:00" hostname="agent-env-3d0e45f7-6f99-48ba-a22a-80257095e75a"><testcase classname="tests.test_travel_apis.TestHealthAndBasicEndpoints" name="test_seasons_endpoint" time="0.232" /><testcase classname="tests.test_travel_apis.TestHealthAndBasicEndpoints" name="test_visa_endpoint" time="0.181" /><testcase classname="tests.test_travel_apis.TestWeatherEndpoint" name="test_weather_returns_110_countries" time="0.153" /><testcase classname="tests.test_travel_apis.TestWeatherEndpoint" name="test_weather_types_are_valid" time="0.149" /><testcase classname="tests.test_travel_apis.TestPlugsEndpoint" name="test_plugs_returns_109_countries" time="0.168" /><testcase classname="tests.test_travel_apis.TestFestivalsEndpoint" name="test_festivals_endpoint_returns_data" time="0.169" /><testcase classname="tests.test_travel_apis.TestFestivalsEndpoint" name="test_festival_data_structure" time="0.158" /><testcase classname="tests.test_travel_apis.TestFestivalsEndpoint" name="test_festivals_filter_by_month" time="0.342" /><testcase classname="tests.test_travel_apis.TestFestivalsEndpoint" name="test_festivals_cover_all_months" time="0.255" /><testcase classname="tests.test_travel_apis.TestForexEndpoint" name="test_forex_rates_endpoint" time="0.473" /><testcase classname="tests.test_travel_apis.TestAppsEndpoint" name="test_apps_endpoint_returns_data" time="0.159" /><testcase classname="tests.test_travel_apis.TestAppsEndpoint" name="test_apps_filter_by_country" time="0.136" /><testcase classname="tests.test_travel_apis.TestAppsEndpoint" name="test_apps_filter_by_category" time="0.192" /><testcase classname="tests.test_travel_apis.TestCountryEndpoints" name="test_countries_list" time="0.171" /><testcase classname="tests.test_travel_apis.TestCountryEndpoints" name="test_country_detail" time="0.166" /></testsuite></testsuites>